[13-Jan-2024 22:01:36 UTC] PHP Warning:  include(/Users/raivokinne/.local/share/nvim/mason/packages/phpactor/vendor/composer/../phpactor/language-server/lib/Event/WillShutdown.php): Failed to open stream: No such file or directory in /Users/raivokinne/.local/share/nvim/mason/packages/phpactor/vendor/composer/ClassLoader.php on line 576
[13-Jan-2024 22:01:36 UTC] PHP Warning:  include(): Failed opening '/Users/raivokinne/.local/share/nvim/mason/packages/phpactor/vendor/composer/../phpactor/language-server/lib/Event/WillShutdown.php' for inclusion (include_path='.:/opt/homebrew/Cellar/php/8.3.0/share/php/pear') in /Users/raivokinne/.local/share/nvim/mason/packages/phpactor/vendor/composer/ClassLoader.php on line 576
[13-Jan-2024 22:01:36 UTC] PHP Warning:  include(/Users/raivokinne/.local/share/nvim/mason/packages/phpactor/vendor/composer/../amphp/amp/lib/Failure.php): Failed to open stream: No such file or directory in /Users/raivokinne/.local/share/nvim/mason/packages/phpactor/vendor/composer/ClassLoader.php on line 576
[13-Jan-2024 22:01:36 UTC] PHP Warning:  include(): Failed opening '/Users/raivokinne/.local/share/nvim/mason/packages/phpactor/vendor/composer/../amphp/amp/lib/Failure.php' for inclusion (include_path='.:/opt/homebrew/Cellar/php/8.3.0/share/php/pear') in /Users/raivokinne/.local/share/nvim/mason/packages/phpactor/vendor/composer/ClassLoader.php on line 576
[13-Jan-2024 22:01:36 UTC] PHP Warning:  include(/Users/raivokinne/.local/share/nvim/mason/packages/phpactor/vendor/composer/../phpactor/language-server/lib/Core/Rpc/ResponseError.php): Failed to open stream: No such file or directory in /Users/raivokinne/.local/share/nvim/mason/packages/phpactor/vendor/composer/ClassLoader.php on line 576
[13-Jan-2024 22:01:36 UTC] PHP Warning:  include(): Failed opening '/Users/raivokinne/.local/share/nvim/mason/packages/phpactor/vendor/composer/../phpactor/language-server/lib/Core/Rpc/ResponseError.php' for inclusion (include_path='.:/opt/homebrew/Cellar/php/8.3.0/share/php/pear') in /Users/raivokinne/.local/share/nvim/mason/packages/phpactor/vendor/composer/ClassLoader.php on line 576
[13-Jan-2024 22:01:36 UTC] PHP Warning:  include(/Users/raivokinne/.local/share/nvim/mason/packages/phpactor/vendor/composer/../amphp/amp/lib/Failure.php): Failed to open stream: No such file or directory in /Users/raivokinne/.local/share/nvim/mason/packages/phpactor/vendor/composer/ClassLoader.php on line 576
[13-Jan-2024 22:01:36 UTC] PHP Warning:  include(): Failed opening '/Users/raivokinne/.local/share/nvim/mason/packages/phpactor/vendor/composer/../amphp/amp/lib/Failure.php' for inclusion (include_path='.:/opt/homebrew/Cellar/php/8.3.0/share/php/pear') in /Users/raivokinne/.local/share/nvim/mason/packages/phpactor/vendor/composer/ClassLoader.php on line 576
[13-Jan-2024 22:01:36 UTC] PHP Warning:  include(/Users/raivokinne/.local/share/nvim/mason/packages/phpactor/vendor/composer/../amphp/amp/lib/Failure.php): Failed to open stream: No such file or directory in /Users/raivokinne/.local/share/nvim/mason/packages/phpactor/vendor/composer/ClassLoader.php on line 576
[13-Jan-2024 22:01:36 UTC] PHP Warning:  include(): Failed opening '/Users/raivokinne/.local/share/nvim/mason/packages/phpactor/vendor/composer/../amphp/amp/lib/Failure.php' for inclusion (include_path='.:/opt/homebrew/Cellar/php/8.3.0/share/php/pear') in /Users/raivokinne/.local/share/nvim/mason/packages/phpactor/vendor/composer/ClassLoader.php on line 576
[13-Jan-2024 22:01:36 UTC] PHP Warning:  include(/Users/raivokinne/.local/share/nvim/mason/packages/phpactor/vendor/composer/../amphp/amp/lib/Failure.php): Failed to open stream: No such file or directory in /Users/raivokinne/.local/share/nvim/mason/packages/phpactor/vendor/composer/ClassLoader.php on line 576
[13-Jan-2024 22:01:36 UTC] PHP Warning:  include(): Failed opening '/Users/raivokinne/.local/share/nvim/mason/packages/phpactor/vendor/composer/../amphp/amp/lib/Failure.php' for inclusion (include_path='.:/opt/homebrew/Cellar/php/8.3.0/share/php/pear') in /Users/raivokinne/.local/share/nvim/mason/packages/phpactor/vendor/composer/ClassLoader.php on line 576
[13-Jan-2024 22:01:36 UTC] PHP Fatal error:  Uncaught Error: Class "Amp\Failure" not found in /Users/raivokinne/.local/share/nvim/mason/packages/phpactor/vendor/amphp/amp/lib/Internal/Placeholder.php:177
Stack trace:
#0 /Users/raivokinne/.local/share/nvim/mason/packages/phpactor/vendor/amphp/amp/lib/Coroutine.php(137): Amp\Coroutine->fail(Object(Error))
#1 /Users/raivokinne/.local/share/nvim/mason/packages/phpactor/vendor/amphp/amp/lib/Internal/Placeholder.php(149): Amp\Coroutine->Amp\{closure}(NULL, Object(Phpactor\LanguageServer\Core\Rpc\RawMessage))
#2 /Users/raivokinne/.local/share/nvim/mason/packages/phpactor/vendor/amphp/amp/lib/Coroutine.php(123): Amp\Coroutine->resolve(Object(Phpactor\LanguageServer\Core\Rpc\RawMessage))
#3 /Users/raivokinne/.local/share/nvim/mason/packages/phpactor/vendor/amphp/amp/lib/Internal/Placeholder.php(149): Amp\Coroutine->Amp\{closure}(NULL, 'Content-Length:...')
#4 /Users/raivokinne/.local/share/nvim/mason/packages/phpactor/vendor/amphp/amp/lib/Deferred.php(53): Amp\Promise@anonymous->resolve('Content-Length:...')
#5 /Users/raivokinne/.local/share/nvim/mason/packages/phpactor/vendor/amphp/byte-stream/lib/ResourceInputStream.php(101): Amp\Deferred->resolve('Content-Length:...')
#6 /Users/raivokinne/.local/share/nvim/mason/packages/phpactor/vendor/amphp/amp/lib/Loop/NativeDriver.php(327): Amp\ByteStream\ResourceInputStream::Amp\ByteStream\{closure}('a', Resource id #1, NULL)
#7 /Users/raivokinne/.local/share/nvim/mason/packages/phpactor/vendor/amphp/amp/lib/Loop/NativeDriver.php(124): Amp\Loop\NativeDriver->selectStreams(Array, Array, 0.1)
#8 /Users/raivokinne/.local/share/nvim/mason/packages/phpactor/vendor/amphp/amp/lib/Loop/Driver.php(138): Amp\Loop\NativeDriver->dispatch(true)
#9 /Users/raivokinne/.local/share/nvim/mason/packages/phpactor/vendor/amphp/amp/lib/Loop/Driver.php(72): Amp\Loop\Driver->tick()
#10 /Users/raivokinne/.local/share/nvim/mason/packages/phpactor/vendor/amphp/amp/lib/Loop.php(95): Amp\Loop\Driver->run()
#11 /Users/raivokinne/.local/share/nvim/mason/packages/phpactor/vendor/phpactor/language-server/lib/Core/Server/LanguageServer.php(111): Amp\Loop::run(Object(Closure))
#12 /Users/raivokinne/.local/share/nvim/mason/packages/phpactor/lib/Extension/LanguageServer/Command/StartCommand.php(50): Phpactor\LanguageServer\Core\Server\LanguageServer->run()
#13 /Users/raivokinne/.local/share/nvim/mason/packages/phpactor/vendor/symfony/console/Command/Command.php(298): Phpactor\Extension\LanguageServer\Command\StartCommand->execute(Object(Symfony\Component\Console\Input\ArgvInput), Object(Symfony\Component\Console\Output\ConsoleOutput))
#14 /Users/raivokinne/.local/share/nvim/mason/packages/phpactor/vendor/symfony/console/Application.php(1040): Symfony\Component\Console\Command\Command->run(Object(Symfony\Component\Console\Input\ArgvInput), Object(Symfony\Component\Console\Output\ConsoleOutput))
#15 /Users/raivokinne/.local/share/nvim/mason/packages/phpactor/vendor/symfony/console/Application.php(301): Symfony\Component\Console\Application->doRunCommand(Object(Phpactor\Extension\LanguageServer\Command\StartCommand), Object(Symfony\Component\Console\Input\ArgvInput), Object(Symfony\Component\Console\Output\ConsoleOutput))
#16 /Users/raivokinne/.local/share/nvim/mason/packages/phpactor/lib/Application.php(48): Symfony\Component\Console\Application->doRun(Object(Symfony\Component\Console\Input\ArgvInput), Object(Symfony\Component\Console\Output\ConsoleOutput))
#17 /Users/raivokinne/.local/share/nvim/mason/packages/phpactor/vendor/symfony/console/Application.php(171): Phpactor\Application->doRun(Object(Symfony\Component\Console\Input\ArgvInput), Object(Symfony\Component\Console\Output\ConsoleOutput))
#18 /Users/raivokinne/.local/share/nvim/mason/packages/phpactor/bin/phpactor(46): Symfony\Component\Console\Application->run(Object(Symfony\Component\Console\Input\ArgvInput), Object(Symfony\Component\Console\Output\ConsoleOutput))
#19 {main}
  thrown in /Users/raivokinne/.local/share/nvim/mason/packages/phpactor/vendor/amphp/amp/lib/Internal/Placeholder.php on line 177
